<?xml version="1.0" encoding="UTF-8"?>
<!-- Generated by org.testng.reporters.JUnitXMLReporter -->
<testsuite ignored="0" hostname="LAPTOP-8VN8D2U4" failures="0" tests="4" name="TestNG" time="235.632" errors="0" timestamp="2022-04-17T12:36:58 EDT">
  <testcase classname="testlayer.LoginTest" name="Title" time="0.216"/>
  <testcase classname="testlayer.LoginTest" name="login" time="0.254"/>
  <testcase classname="testlayer.LoginTest" name="login" time="0.315"/>
  <testcase classname="testlayer.LoginTest" name="login" time="0.349"/>
</testsuite> <!-- TestNG -->
